Build started 10.01.2015 16:10:26.
     1>Project "C:\Users\MarianAlexandru\Dropbox\Facultate\An_III\Semestrul_I\EGC\Tema4\Tema4\lab_gl_4.vcxproj" on node 2 (Build target(s)).
     1>C:\Program Files (x86)\MSBuild\Microsoft.Cpp\v4.0\V120\Microsoft.CppBuild.targets(388,5): warning MSB8028: The intermediate directory (Debug\) contains files shared from another project (lab_gl_4.vcxproj).  This can lead to incorrect clean and rebuild behavior.
     1>ClCompile:
         C:\Program Files (x86)\Microsoft Visual Studio 12.0\VC\bin\CL.exe /c /ZI /nologo /W3 /WX- /Od /Oy- /D _MBCS /Gm /EHsc /RTC1 /MDd /GS /fp:precise /Zc:wchar_t /Zc:forScope /Fo"Debug\\" /Fd"Debug\vc120.pdb" /Gd /TP /analyze- /errorReport:prompt main.cpp
         main.cpp
     1>c:\users\marianalexandru\dropbox\facultate\an_iii\semestrul_i\egc\tema4\tema4\objects.hpp(15): warning C4244: '=' : conversion from 'int' to 'float', possible loss of data
     1>c:\users\marianalexandru\dropbox\facultate\an_iii\semestrul_i\egc\tema4\tema4\objects.hpp(16): warning C4244: '=' : conversion from 'int' to 'float', possible loss of data
     1>c:\users\marianalexandru\dropbox\facultate\an_iii\semestrul_i\egc\tema4\tema4\objects.hpp(17): warning C4244: '=' : conversion from 'int' to 'float', possible loss of data
     1>c:\users\marianalexandru\dropbox\facultate\an_iii\semestrul_i\egc\tema4\tema4\objects.hpp(52): warning C4244: 'argument' : conversion from 'int' to 'float', possible loss of data
     1>c:\users\marianalexandru\dropbox\facultate\an_iii\semestrul_i\egc\tema4\tema4\objects.hpp(53): warning C4244: 'argument' : conversion from 'int' to 'float', possible loss of data
     1>c:\users\marianalexandru\dropbox\facultate\an_iii\semestrul_i\egc\tema4\tema4\objects.hpp(54): warning C4244: 'argument' : conversion from 'int' to 'float', possible loss of data
     1>c:\users\marianalexandru\dropbox\facultate\an_iii\semestrul_i\egc\tema4\tema4\objects.hpp(55): warning C4244: 'argument' : conversion from 'int' to 'float', possible loss of data
     1>c:\users\marianalexandru\dropbox\facultate\an_iii\semestrul_i\egc\tema4\tema4\objects.hpp(56): warning C4244: 'argument' : conversion from 'int' to 'float', possible loss of data
     1>c:\users\marianalexandru\dropbox\facultate\an_iii\semestrul_i\egc\tema4\tema4\objects.hpp(57): warning C4244: 'argument' : conversion from 'int' to 'float', possible loss of data
     1>c:\users\marianalexandru\dropbox\facultate\an_iii\semestrul_i\egc\tema4\tema4\objects.hpp(58): warning C4244: 'argument' : conversion from 'int' to 'float', possible loss of data
     1>c:\users\marianalexandru\dropbox\facultate\an_iii\semestrul_i\egc\tema4\tema4\objects.hpp(59): warning C4244: 'argument' : conversion from 'int' to 'float', possible loss of data
     1>c:\users\marianalexandru\dropbox\facultate\an_iii\semestrul_i\egc\tema4\tema4\main.cpp(105): warning C4305: 'argument' : truncation from 'double' to 'float'
       Link:
         C:\Program Files (x86)\Microsoft Visual Studio 12.0\VC\bin\link.exe /ERRORREPORT:PROMPT /OUT:"Debug\Tema4.exe" /INCREMENTAL /NOLOGO /LIBPATH:dependente\freeglut /LIBPATH:dependente\glew opengl32.lib freeglut.lib glew32.lib kernel32.lib user32.lib gdi32.lib winspool.lib comdlg32.lib advapi32.lib shell32.lib ole32.lib oleaut32.lib uuid.lib odbc32.lib odbccp32.lib /MANIFEST /MANIFESTUAC:"level='asInvoker' uiAccess='false'" /manifest:embed /DEBUG /PDB:"Debug\Tema4.pdb" /TLBID:1 /DYNAMICBASE /NXCOMPAT /IMPLIB:"Debug\Tema4.lib" /MACHINE:X86 Debug\main.obj
         lab_gl_4.vcxproj -> C:\Users\MarianAlexandru\Dropbox\Facultate\An_III\Semestrul_I\EGC\Tema4\Tema4\Debug\Tema4.exe
     1>Done Building Project "C:\Users\MarianAlexandru\Dropbox\Facultate\An_III\Semestrul_I\EGC\Tema4\Tema4\lab_gl_4.vcxproj" (Build target(s)).

Build succeeded.

Time Elapsed 00:00:05.86
